<?xml version="1.0" encoding="UTF-8"?>
<TestRun id="af52cb3e-44a2-4cc4-8110-84e3ab767bac" name="nhill@MININT-G66VDBS 2017-06-05 16:03:38" runUser="EUROPE\nhill" xmlns="http://microsoft.com/schemas/VisualStudio/TeamTest/2010">
  <TestSettings name="Local" id="ae022676-7ff6-46af-981f-013ced444639">
    <Description>These are default test settings for a local test run.</Description>
    <Execution>
      <TestTypeSpecific />
      <AgentRule name="Execution Agents">
      </AgentRule>
    </Execution>
    <Deployment runDeploymentRoot="nhill_MININT-G66VDBS 2017-06-05 16_03_38" />
    <Properties>
      <Property name="TestSettingsUIType" value="LoadTest" />
    </Properties>
  </TestSettings>
  <Times creation="2017-06-05T16:03:38.7052613+01:00" queuing="2017-06-05T16:03:40.1109420+01:00" start="2017-06-05T16:03:40.3296759+01:00" finish="2017-06-05T16:03:54.4087568+01:00" />
  <ResultSummary outcome="Completed">
    <Counters total="1" executed="1" passed="1" error="0" failed="0" timeout="0" aborted="0" inconclusive="0" passedButRunAborted="0" notRunnable="0" notExecuted="0" disconnected="0" warning="0" completed="0" inProgress="0" pending="0" />
  </ResultSummary>
  <TestDefinitions>
    <WebTest name="WebTest1" storage="c:\users\nhill\documents\visual studio 2017\projects\vmss-demo\vmss-app-load\webtest1.webtest" id="3997c672-d9cb-4c4f-87fe-99f328b3d636" persistedWebTest="77u/PD94bWwgdmVyc2lvbj0iMS4wIiBlbmNvZGluZz0iVVRGLTgiIHN0YW5kYWxvbmU9InllcyI/Pg0KPFdlYlRlc3QgTmFtZT0iV2ViVGVzdDEiIElkPSIzOTk3YzY3Mi1kOWNiLTRjNGYtODdmZS05OWYzMjhiM2Q2MzYiIE93bmVyPSIiIFByaW9yaXR5PSIyMTQ3NDgzNjQ3IiBFbmFibGVkPSJUcnVlIiBDc3NQcm9qZWN0U3RydWN0dXJlPSIiIENzc0l0ZXJhdGlvbj0iIiBUaW1lb3V0PSIwIiBXb3JrSXRlbUlkcz0iIiB4bWxucz0iaHR0cDovL21pY3Jvc29mdC5jb20vc2NoZW1hcy9WaXN1YWxTdHVkaW8vVGVhbVRlc3QvMjAxMCIgRGVzY3JpcHRpb249IiIgQ3JlZGVudGlhbFVzZXJOYW1lPSIiIENyZWRlbnRpYWxQYXNzd29yZD0iIiBQcmVBdXRoZW50aWNhdGU9IlRydWUiIFByb3h5PSJkZWZhdWx0IiBTdG9wT25FcnJvcj0iRmFsc2UiIFJlY29yZGVkUmVzdWx0RmlsZT0iV2ViVGVzdDEuNDY1MDJjZmItODU4NC00NmFhLWFkYzYtNDc2NjRjY2Q1MjM0LnJlYy53ZWJ0ZXN0cmVzdWx0IiBSZXN1bHRzTG9jYWxlPSIiPg0KICA8SXRlbXM+DQogICAgPFJlcXVlc3QgTWV0aG9kPSJHRVQiIEd1aWQ9IjZiODBhNWNiLTI0ZGUtNDkxYi1iZDFiLThhODg3ZjYyNmZkMSIgVmVyc2lvbj0iMS4xIiBVcmw9Imh0dHA6Ly9hcGkuYmluZy5jb20vcXNtbC5hc3B4IiBUaGlua1RpbWU9IjAiIFRpbWVvdXQ9IjMwMCIgUGFyc2VEZXBlbmRlbnRSZXF1ZXN0cz0iVHJ1ZSIgRm9sbG93UmVkaXJlY3RzPSJUcnVlIiBSZWNvcmRSZXN1bHQ9IlRydWUiIENhY2hlPSJGYWxzZSIgUmVzcG9uc2VUaW1lR29hbD0iMCIgRW5jb2Rpbmc9InV0Zi04IiBFeHBlY3RlZEh0dHBTdGF0dXNDb2RlPSIwIiBFeHBlY3RlZFJlc3BvbnNlVXJsPSIiIFJlcG9ydGluZ05hbWU9IiIgSWdub3JlSHR0cFN0YXR1c0NvZGU9IkZhbHNlIj4NCiAgICAgIDxRdWVyeVN0cmluZ1BhcmFtZXRlcnM+DQogICAgICAgIDxRdWVyeVN0cmluZ1BhcmFtZXRlciBOYW1lPSJxdWVyeSIgVmFsdWU9ImNkIiBSZWNvcmRlZFZhbHVlPSJjZCIgQ29ycmVsYXRpb25CaW5kaW5nPSIiIFVybEVuY29kZT0iRmFsc2UiIFVzZVRvR3JvdXBSZXN1bHRzPSJGYWxzZSIgLz4NCiAgICAgICAgPFF1ZXJ5U3RyaW5nUGFyYW1ldGVyIE5hbWU9Im1heHdpZHRoIiBWYWx1ZT0iMzI3NjUiIFJlY29yZGVkVmFsdWU9IjMyNzY1IiBDb3JyZWxhdGlvbkJpbmRpbmc9IiIgVXJsRW5jb2RlPSJGYWxzZSIgVXNlVG9Hcm91cFJlc3VsdHM9IkZhbHNlIiAvPg0KICAgICAgICA8UXVlcnlTdHJpbmdQYXJhbWV0ZXIgTmFtZT0icm93aGVpZ2h0IiBWYWx1ZT0iNDAiIFJlY29yZGVkVmFsdWU9IjQwIiBDb3JyZWxhdGlvbkJpbmRpbmc9IiIgVXJsRW5jb2RlPSJGYWxzZSIgVXNlVG9Hcm91cFJlc3VsdHM9IkZhbHNlIiAvPg0KICAgICAgICA8UXVlcnlTdHJpbmdQYXJhbWV0ZXIgTmFtZT0ic2VjdGlvbkhlaWdodCIgVmFsdWU9IjMyMCIgUmVjb3JkZWRWYWx1ZT0iMzIwIiBDb3JyZWxhdGlvbkJpbmRpbmc9IiIgVXJsRW5jb2RlPSJGYWxzZSIgVXNlVG9Hcm91cFJlc3VsdHM9IkZhbHNlIiAvPg0KICAgICAgICA8UXVlcnlTdHJpbmdQYXJhbWV0ZXIgTmFtZT0iRk9STSIgVmFsdWU9IklFU1MwMiIgUmVjb3JkZWRWYWx1ZT0iSUVTUzAyIiBDb3JyZWxhdGlvbkJpbmRpbmc9IiIgVXJsRW5jb2RlPSJGYWxzZSIgVXNlVG9Hcm91cFJlc3VsdHM9IkZhbHNlIiAvPg0KICAgICAgICA8UXVlcnlTdHJpbmdQYXJhbWV0ZXIgTmFtZT0ibWFya2V0IiBWYWx1ZT0iZW4tR0IiIFJlY29yZGVkVmFsdWU9ImVuLUdCIiBDb3JyZWxhdGlvbkJpbmRpbmc9IiIgVXJsRW5jb2RlPSJGYWxzZSIgVXNlVG9Hcm91cFJlc3VsdHM9IkZhbHNlIiAvPg0KICAgICAgPC9RdWVyeVN0cmluZ1BhcmFtZXRlcnM+DQogICAgPC9SZXF1ZXN0Pg0KICAgIDxSZXF1ZXN0IE1ldGhvZD0iR0VUIiBHdWlkPSI1ZDA2MDFiOS03MWRmLTQ3NDItYWQyYy0zMDBiYmE1NjBhNTciIFZlcnNpb249IjEuMSIgVXJsPSJodHRwOi8vYXBpLmJpbmcuY29tL3FzbWwuYXNweCIgVGhpbmtUaW1lPSIyIiBUaW1lb3V0PSIzMDAiIFBhcnNlRGVwZW5kZW50UmVxdWVzdHM9IlRydWUiIEZvbGxvd1JlZGlyZWN0cz0iVHJ1ZSIgUmVjb3JkUmVzdWx0PSJUcnVlIiBDYWNoZT0iRmFsc2UiIFJlc3BvbnNlVGltZUdvYWw9IjAiIEVuY29kaW5nPSJ1dGYtOCIgRXhwZWN0ZWRIdHRwU3RhdHVzQ29kZT0iMCIgRXhwZWN0ZWRSZXNwb25zZVVybD0iIiBSZXBvcnRpbmdOYW1lPSIiIElnbm9yZUh0dHBTdGF0dXNDb2RlPSJGYWxzZSI+DQogICAgICA8UXVlcnlTdHJpbmdQYXJhbWV0ZXJzPg0KICAgICAgICA8UXVlcnlTdHJpbmdQYXJhbWV0ZXIgTmFtZT0icXVlcnkiIFZhbHVlPSJjZGciIFJlY29yZGVkVmFsdWU9ImNkZyIgQ29ycmVsYXRpb25CaW5kaW5nPSIiIFVybEVuY29kZT0iRmFsc2UiIFVzZVRvR3JvdXBSZXN1bHRzPSJGYWxzZSIgLz4NCiAgICAgICAgPFF1ZXJ5U3RyaW5nUGFyYW1ldGVyIE5hbWU9Im1heHdpZHRoIiBWYWx1ZT0iMzI3NjUiIFJlY29yZGVkVmFsdWU9IjMyNzY1IiBDb3JyZWxhdGlvbkJpbmRpbmc9IiIgVXJsRW5jb2RlPSJGYWxzZSIgVXNlVG9Hcm91cFJlc3VsdHM9IkZhbHNlIiAvPg0KICAgICAgICA8UXVlcnlTdHJpbmdQYXJhbWV0ZXIgTmFtZT0icm93aGVpZ2h0IiBWYWx1ZT0iNDAiIFJlY29yZGVkVmFsdWU9IjQwIiBDb3JyZWxhdGlvbkJpbmRpbmc9IiIgVXJsRW5jb2RlPSJGYWxzZSIgVXNlVG9Hcm91cFJlc3VsdHM9IkZhbHNlIiAvPg0KICAgICAgICA8UXVlcnlTdHJpbmdQYXJhbWV0ZXIgTmFtZT0ic2VjdGlvbkhlaWdodCIgVmFsdWU9IjMyMCIgUmVjb3JkZWRWYWx1ZT0iMzIwIiBDb3JyZWxhdGlvbkJpbmRpbmc9IiIgVXJsRW5jb2RlPSJGYWxzZSIgVXNlVG9Hcm91cFJlc3VsdHM9IkZhbHNlIiAvPg0KICAgICAgICA8UXVlcnlTdHJpbmdQYXJhbWV0ZXIgTmFtZT0iRk9STSIgVmFsdWU9IklFU1MwMiIgUmVjb3JkZWRWYWx1ZT0iSUVTUzAyIiBDb3JyZWxhdGlvbkJpbmRpbmc9IiIgVXJsRW5jb2RlPSJGYWxzZSIgVXNlVG9Hcm91cFJlc3VsdHM9IkZhbHNlIiAvPg0KICAgICAgICA8UXVlcnlTdHJpbmdQYXJhbWV0ZXIgTmFtZT0ibWFya2V0IiBWYWx1ZT0iZW4tR0IiIFJlY29yZGVkVmFsdWU9ImVuLUdCIiBDb3JyZWxhdGlvbkJpbmRpbmc9IiIgVXJsRW5jb2RlPSJGYWxzZSIgVXNlVG9Hcm91cFJlc3VsdHM9IkZhbHNlIiAvPg0KICAgICAgPC9RdWVyeVN0cmluZ1BhcmFtZXRlcnM+DQogICAgPC9SZXF1ZXN0Pg0KICAgIDxSZXF1ZXN0IE1ldGhvZD0iR0VUIiBHdWlkPSI4NzdhYzkwYy1lNTlmLTQwMzEtYTNiYi1mOGI0NGU4ZTM5YWYiIFZlcnNpb249IjEuMSIgVXJsPSJodHRwOi8vY2Rnc2VsZnNlcnZpY2UuYXp1cmV3ZWJzaXRlcy5uZXQvIiBUaGlua1RpbWU9IjE2IiBUaW1lb3V0PSIzMDAiIFBhcnNlRGVwZW5kZW50UmVxdWVzdHM9IlRydWUiIEZvbGxvd1JlZGlyZWN0cz0iVHJ1ZSIgUmVjb3JkUmVzdWx0PSJUcnVlIiBDYWNoZT0iRmFsc2UiIFJlc3BvbnNlVGltZUdvYWw9IjAiIEVuY29kaW5nPSJ1dGYtOCIgRXhwZWN0ZWRIdHRwU3RhdHVzQ29kZT0iMCIgRXhwZWN0ZWRSZXNwb25zZVVybD0iIiBSZXBvcnRpbmdOYW1lPSIiIElnbm9yZUh0dHBTdGF0dXNDb2RlPSJGYWxzZSIgLz4NCiAgICA8UmVxdWVzdCBNZXRob2Q9IkdFVCIgR3VpZD0iNmU3NmMxMDQtNjM1NS00MTY0LWI5ZmMtMmFhOGNmYWI4ZGQzIiBWZXJzaW9uPSIxLjEiIFVybD0iaHR0cDovL2NkZ3NlbGZzZXJ2aWNlLmF6dXJld2Vic2l0ZXMubmV0L0hvbWUvQWJvdXQiIFRoaW5rVGltZT0iMTEiIFRpbWVvdXQ9IjMwMCIgUGFyc2VEZXBlbmRlbnRSZXF1ZXN0cz0iVHJ1ZSIgRm9sbG93UmVkaXJlY3RzPSJUcnVlIiBSZWNvcmRSZXN1bHQ9IlRydWUiIENhY2hlPSJGYWxzZSIgUmVzcG9uc2VUaW1lR29hbD0iMCIgRW5jb2Rpbmc9InV0Zi04IiBFeHBlY3RlZEh0dHBTdGF0dXNDb2RlPSIwIiBFeHBlY3RlZFJlc3BvbnNlVXJsPSJodHRwczovL2xvZ2luLm1pY3Jvc29mdG9ubGluZS5jb20vY2E5NDNjYTQtYWE4Mi00MThlLTgwYmUtZWFhOWE5ZTkwZGUwL29hdXRoMi9hdXRob3JpemU/Y2xpZW50X2lkPTg5NTRjNTExLWY1OGEtNDhkMS1hNWIwLTFkMmY4NDA4NzQwMyZhbXA7cmVkaXJlY3RfdXJpPWh0dHBzJTNhJTJmJTJmY2Rnc2VsZnNlcnZpY2UuYXp1cmV3ZWJzaXRlcy5uZXQlMmYmYW1wO3Jlc3BvbnNlX21vZGU9Zm9ybV9wb3N0JmFtcDtyZXNwb25zZV90eXBlPWNvZGUraWRfdG9rZW4mYW1wO3Njb3BlPW9wZW5pZCtwcm9maWxlJmFtcDtzdGF0ZT1PcGVuSWRDb25uZWN0LkF1dGhlbnRpY2F0aW9uUHJvcGVydGllcyUzZF9sd2F5OTVVVF9sY0N6TURqOHBEYkJnalRBOVpHVHJoN1NabF90Zl80XzQ1WHZKNmpHR3RUSWN0VWJyYjRkMDhoTFExQXg1SVk2VEVvcEVRaTJ4N1dtSFh4c0loTnIzeGNRWXdBNUNTV2FJV3djR3BBN2VGM294WGppekMxc2xkYmhUbkRiR0dRUEVCdFBTT2pvbUF3SUUtMUxQMW1vdWY5RVFBVmRVMVQ0QkZ1dHFhRGliRWQwOEJSSjdKdGc5MGZCcklydTZvZzRoamE4Y3p3U2N2aTZHMTY1V2JydEhuZW5DZ0xpeDNsejlMcUZ3SThRRG81OWFjbG5mZmp1YVcmYW1wO25vbmNlPTYzNjMyMjcxNzk1MzUzMjQwNy5ObU0xTVdSak56a3RNbU5qT0MwME1EQTBMVGswWVRBdE56Rm1aVGd5WkRFNFpUVTFNRFF5Tm1ZeU1Ea3RNamxqWkMwME1qQTNMVGt4WldRdFpqQXlOREJpT1RreE5tVTIiIFJlcG9ydGluZ05hbWU9IiIgSWdub3JlSHR0cFN0YXR1c0NvZGU9IkZhbHNlIj4NCiAgICAgIDxIZWFkZXJzPg0KICAgICAgICA8SGVhZGVyIE5hbWU9IlJlZmVyZXIiIFZhbHVlPSJodHRwOi8vY2Rnc2VsZnNlcnZpY2UuYXp1cmV3ZWJzaXRlcy5uZXQvIiAvPg0KICAgICAgPC9IZWFkZXJzPg0KICAgICAgPEV4dHJhY3Rpb25SdWxlcz4NCiAgICAgICAgPEV4dHJhY3Rpb25SdWxlIENsYXNzbmFtZT0iTWljcm9zb2Z0LlZpc3VhbFN0dWRpby5UZXN0VG9vbHMuV2ViVGVzdGluZy5SdWxlcy5FeHRyYWN0SGlkZGVuRmllbGRzLCBNaWNyb3NvZnQuVmlzdWFsU3R1ZGlvLlF1YWxpdHlUb29scy5XZWJUZXN0RnJhbWV3b3JrLCBWZXJzaW9uPTEwLjAuMC4wLCBDdWx0dXJlPW5ldXRyYWwsIFB1YmxpY0tleVRva2VuPWIwM2Y1ZjdmMTFkNTBhM2EiIFZhcmlhYmxlTmFtZT0iMSIgRGlzcGxheU5hbWU9IkV4dHJhY3QgSGlkZGVuIEZpZWxkcyIgRGVzY3JpcHRpb249IkV4dHJhY3QgYWxsIGhpZGRlbiBmaWVsZHMgZnJvbSB0aGUgcmVzcG9uc2UgYW5kIHBsYWNlIHRoZW0gaW50byB0aGUgdGVzdCBjb250ZXh0LiI+DQogICAgICAgICAgPFJ1bGVQYXJhbWV0ZXJzPg0KICAgICAgICAgICAgPFJ1bGVQYXJhbWV0ZXIgTmFtZT0iUmVxdWlyZWQiIFZhbHVlPSJUcnVlIiAvPg0KICAgICAgICAgICAgPFJ1bGVQYXJhbWV0ZXIgTmFtZT0iSHRtbERlY29kZSIgVmFsdWU9IlRydWUiIC8+DQogICAgICAgICAgPC9SdWxlUGFyYW1ldGVycz4NCiAgICAgICAgPC9FeHRyYWN0aW9uUnVsZT4NCiAgICAgIDwvRXh0cmFjdGlvblJ1bGVzPg0KICAgIDwvUmVxdWVzdD4NCiAgICA8UmVxdWVzdCBNZXRob2Q9IkdFVCIgR3VpZD0iYzlmZjUxNDEtNDU1Yy00YzJkLTkzN2EtZTlhZGM4NmMyNzAxIiBWZXJzaW9uPSIxLjEiIFVybD0iaHR0cHM6Ly9sb2dpbi5taWNyb3NvZnRvbmxpbmUuY29tL2NhOTQzY2E0LWFhODItNDE4ZS04MGJlLWVhYTlhOWU5MGRlMC9vYXV0aDIvYXV0aG9yaXplIiBUaGlua1RpbWU9IjAiIFRpbWVvdXQ9IjMwMCIgUGFyc2VEZXBlbmRlbnRSZXF1ZXN0cz0iVHJ1ZSIgRm9sbG93UmVkaXJlY3RzPSJUcnVlIiBSZWNvcmRSZXN1bHQ9IlRydWUiIENhY2hlPSJGYWxzZSIgUmVzcG9uc2VUaW1lR29hbD0iMCIgRW5jb2Rpbmc9InV0Zi04IiBFeHBlY3RlZEh0dHBTdGF0dXNDb2RlPSIwIiBFeHBlY3RlZFJlc3BvbnNlVXJsPSJodHRwczovL2xvZ2luLm1pY3Jvc29mdG9ubGluZS5jb20vY2E5NDNjYTQtYWE4Mi00MThlLTgwYmUtZWFhOWE5ZTkwZGUwL29hdXRoMi9hdXRob3JpemU/Y2xpZW50X2lkPTg5NTRjNTExLWY1OGEtNDhkMS1hNWIwLTFkMmY4NDA4NzQwMyZhbXA7cmVkaXJlY3RfdXJpPWh0dHBzJTNhJTJmJTJmY2Rnc2VsZnNlcnZpY2UuYXp1cmV3ZWJzaXRlcy5uZXQlMmYmYW1wO3Jlc3BvbnNlX21vZGU9Zm9ybV9wb3N0JmFtcDtyZXNwb25zZV90eXBlPWNvZGUraWRfdG9rZW4mYW1wO3Njb3BlPW9wZW5pZCtwcm9maWxlJmFtcDtzdGF0ZT1PcGVuSWRDb25uZWN0LkF1dGhlbnRpY2F0aW9uUHJvcGVydGllcyUzZF9sd2F5OTVVVF9sY0N6TURqOHBEYkJnalRBOVpHVHJoN1NabF90Zl80XzQ1WHZKNmpHR3RUSWN0VWJyYjRkMDhoTFExQXg1SVk2VEVvcEVRaTJ4N1dtSFh4c0loTnIzeGNRWXdBNUNTV2FJV3djR3BBN2VGM294WGppekMxc2xkYmhUbkRiR0dRUEVCdFBTT2pvbUF3SUUtMUxQMW1vdWY5RVFBVmRVMVQ0QkZ1dHFhRGliRWQwOEJSSjdKdGc5MGZCcklydTZvZzRoamE4Y3p3U2N2aTZHMTY1V2JydEhuZW5DZ0xpeDNsejlMcUZ3SThRRG81OWFjbG5mZmp1YVcmYW1wO25vbmNlPTYzNjMyMjcxNzk1MzUzMjQwNy5ObU0xTVdSak56a3RNbU5qT0MwME1EQTBMVGswWVRBdE56Rm1aVGd5WkRFNFpUVTFNRFF5Tm1ZeU1Ea3RNamxqWkMwME1qQTNMVGt4WldRdFpqQXlOREJpT1RreE5tVTIjIiBSZXBvcnRpbmdOYW1lPSIiIElnbm9yZUh0dHBTdGF0dXNDb2RlPSJGYWxzZSI+DQogICAgICA8UXVlcnlTdHJpbmdQYXJhbWV0ZXJzPg0KICAgICAgICA8UXVlcnlTdHJpbmdQYXJhbWV0ZXIgTmFtZT0iY2xpZW50X2lkIiBWYWx1ZT0iODk1NGM1MTEtZjU4YS00OGQxLWE1YjAtMWQyZjg0MDg3NDAzIiBSZWNvcmRlZFZhbHVlPSI4OTU0YzUxMS1mNThhLTQ4ZDEtYTViMC0xZDJmODQwODc0MDMiIENvcnJlbGF0aW9uQmluZGluZz0iIiBVcmxFbmNvZGU9IkZhbHNlIiBVc2VUb0dyb3VwUmVzdWx0cz0iRmFsc2UiIC8+DQogICAgICAgIDxRdWVyeVN0cmluZ1BhcmFtZXRlciBOYW1lPSJyZWRpcmVjdF91cmkiIFZhbHVlPSJodHRwcyUzYSUyZiUyZmNkZ3NlbGZzZXJ2aWNlLmF6dXJld2Vic2l0ZXMubmV0JTJmIiBSZWNvcmRlZFZhbHVlPSJodHRwcyUzYSUyZiUyZmNkZ3NlbGZzZXJ2aWNlLmF6dXJld2Vic2l0ZXMubmV0JTJmIiBDb3JyZWxhdGlvbkJpbmRpbmc9IiIgVXJsRW5jb2RlPSJGYWxzZSIgVXNlVG9Hcm91cFJlc3VsdHM9IkZhbHNlIiAvPg0KICAgICAgICA8UXVlcnlTdHJpbmdQYXJhbWV0ZXIgTmFtZT0icmVzcG9uc2VfbW9kZSIgVmFsdWU9ImZvcm1fcG9zdCIgUmVjb3JkZWRWYWx1ZT0iZm9ybV9wb3N0IiBDb3JyZWxhdGlvbkJpbmRpbmc9IiIgVXJsRW5jb2RlPSJGYWxzZSIgVXNlVG9Hcm91cFJlc3VsdHM9IkZhbHNlIiAvPg0KICAgICAgICA8UXVlcnlTdHJpbmdQYXJhbWV0ZXIgTmFtZT0icmVzcG9uc2VfdHlwZSIgVmFsdWU9ImNvZGUraWRfdG9rZW4iIFJlY29yZGVkVmFsdWU9ImNvZGUraWRfdG9rZW4iIENvcnJlbGF0aW9uQmluZGluZz0iIiBVcmxFbmNvZGU9IkZhbHNlIiBVc2VUb0dyb3VwUmVzdWx0cz0iRmFsc2UiIC8+DQogICAgICAgIDxRdWVyeVN0cmluZ1BhcmFtZXRlciBOYW1lPSJzY29wZSIgVmFsdWU9Im9wZW5pZCtwcm9maWxlIiBSZWNvcmRlZFZhbHVlPSJvcGVuaWQrcHJvZmlsZSIgQ29ycmVsYXRpb25CaW5kaW5nPSIiIFVybEVuY29kZT0iRmFsc2UiIFVzZVRvR3JvdXBSZXN1bHRzPSJGYWxzZSIgLz4NCiAgICAgICAgPFF1ZXJ5U3RyaW5nUGFyYW1ldGVyIE5hbWU9InN0YXRlIiBWYWx1ZT0iT3BlbklkQ29ubmVjdC5BdXRoZW50aWNhdGlvblByb3BlcnRpZXMlM2RfbHdheTk1VVRfbGNDek1EajhwRGJCZ2pUQTlaR1RyaDdTWmxfdGZfNF80NVh2SjZqR0d0VEljdFVicmI0ZDA4aExRMUF4NUlZNlRFb3BFUWkyeDdXbUhYeHNJaE5yM3hjUVl3QTVDU1dhSVd3Y0dwQTdlRjNveFhqaXpDMXNsZGJoVG5EYkdHUVBFQnRQU09qb21Bd0lFLTFMUDFtb3VmOUVRQVZkVTFUNEJGdXRxYURpYkVkMDhCUko3SnRnOTBmQnJJcnU2b2c0aGphOGN6d1Njdmk2RzE2NVdicnRIbmVuQ2dMaXgzbHo5THFGd0k4UURvNTlhY2xuZmZqdWFXIiBSZWNvcmRlZFZhbHVlPSJPcGVuSWRDb25uZWN0LkF1dGhlbnRpY2F0aW9uUHJvcGVydGllcyUzZF9sd2F5OTVVVF9sY0N6TURqOHBEYkJnalRBOVpHVHJoN1NabF90Zl80XzQ1WHZKNmpHR3RUSWN0VWJyYjRkMDhoTFExQXg1SVk2VEVvcEVRaTJ4N1dtSFh4c0loTnIzeGNRWXdBNUNTV2FJV3djR3BBN2VGM294WGppekMxc2xkYmhUbkRiR0dRUEVCdFBTT2pvbUF3SUUtMUxQMW1vdWY5RVFBVmRVMVQ0QkZ1dHFhRGliRWQwOEJSSjdKdGc5MGZCcklydTZvZzRoamE4Y3p3U2N2aTZHMTY1V2JydEhuZW5DZ0xpeDNsejlMcUZ3SThRRG81OWFjbG5mZmp1YVciIENvcnJlbGF0aW9uQmluZGluZz0iIiBVcmxFbmNvZGU9IkZhbHNlIiBVc2VUb0dyb3VwUmVzdWx0cz0iRmFsc2UiIC8+DQogICAgICAgIDxRdWVyeVN0cmluZ1BhcmFtZXRlciBOYW1lPSJub25jZSIgVmFsdWU9IjYzNjMyMjcxNzk1MzUzMjQwNy5ObU0xTVdSak56a3RNbU5qT0MwME1EQTBMVGswWVRBdE56Rm1aVGd5WkRFNFpUVTFNRFF5Tm1ZeU1Ea3RNamxqWkMwME1qQTNMVGt4WldRdFpqQXlOREJpT1RreE5tVTIiIFJlY29yZGVkVmFsdWU9IjYzNjMyMjcxNzk1MzUzMjQwNy5ObU0xTVdSak56a3RNbU5qT0MwME1EQTBMVGswWVRBdE56Rm1aVGd5WkRFNFpUVTFNRFF5Tm1ZeU1Ea3RNamxqWkMwME1qQTNMVGt4WldRdFpqQXlOREJpT1RreE5tVTIiIENvcnJlbGF0aW9uQmluZGluZz0iIiBVcmxFbmNvZGU9IkZhbHNlIiBVc2VUb0dyb3VwUmVzdWx0cz0iRmFsc2UiIC8+DQogICAgICA8L1F1ZXJ5U3RyaW5nUGFyYW1ldGVycz4NCiAgICA8L1JlcXVlc3Q+DQogICAgPFJlcXVlc3QgTWV0aG9kPSJHRVQiIEd1aWQ9IjU0ZDRhYTNkLWQ2YjYtNGEyMS04MGMzLWEyMzI4MzNiMDZjYSIgVmVyc2lvbj0iMS4xIiBVcmw9Imh0dHBzOi8vbG9naW4ubWljcm9zb2Z0b25saW5lLmNvbS9jYTk0M2NhNC1hYTgyLTQxOGUtODBiZS1lYWE5YTllOTBkZTAvcmVwcm9jZXNzIiBUaGlua1RpbWU9IjAiIFRpbWVvdXQ9IjMwMCIgUGFyc2VEZXBlbmRlbnRSZXF1ZXN0cz0iVHJ1ZSIgRm9sbG93UmVkaXJlY3RzPSJUcnVlIiBSZWNvcmRSZXN1bHQ9IlRydWUiIENhY2hlPSJGYWxzZSIgUmVzcG9uc2VUaW1lR29hbD0iMCIgRW5jb2Rpbmc9InV0Zi04IiBFeHBlY3RlZEh0dHBTdGF0dXNDb2RlPSIwIiBFeHBlY3RlZFJlc3BvbnNlVXJsPSJodHRwczovL2xvZ2luLm1pY3Jvc29mdG9ubGluZS5jb20vY2E5NDNjYTQtYWE4Mi00MThlLTgwYmUtZWFhOWE5ZTkwZGUwL3JlcHJvY2Vzcz9zZXNzaW9uSWQ9NDYyMjcwZTYtZDY1Yy00YTgzLWI4MmQtN2JkMWJkZDI0MmRmJmFtcDtjdHg9clFJSUFZMlNTMl9UV0FDRjY2WlVnQmhBckVhYURVSVZFbFJPNzdXdlg1VllPTEdicGhQblFaeTY4U2E2dnZjNnNldEhzRy1heDJMbUw3QkVyQkFiSkphc2dQa0JJeUVXaUNYOEFXQ0pFSUlkNlQ5Z2M2UWpmZEtSempsM0s3QUs5M2QwUTBGRWdWQU1GUjJMU0tkUXhFb0FSRWlsVUVkQTF4Q1FpeHVYcjNfODQzSHBlWi10X182Xzllcm5rMmRfUFJmdVREaWZsdnQ3ZTRTT1M1YUVKU3ZPSXNLcWVEVXIySndGWmNSWldjMFkzM3NwQ084RTRaTWdQTjhzVlZtVkpVbURtcUhJaWl3aG9GWGJxUU1kNzM3Y1hwMXlKMjNIblRvQWptV0NsbnNLaHE3SjI2dUQxSGZIUzkteWtlOE9vR1AxbHUxMHVIU3NOUjhuc1hfT3g2YTg1aGUtMS1OLWJDN2JWaTNxckgwN0hVZ2ZOcTkxekJtZlNPZVNGOUdLZmQyOEZPWkZPcHJtSlg5Y2ViYlptYktzU2V0NWxqSENxLWNZeTNoRU1JX3lyRnZrVTFid2lKWDNSc2tjTHcxbDRJNFNVbDg1VnF4UHJhQTJqbDNUOEJ0dU1kSDZmakxpNFFpTmtISnlkcVRHalFaM200UVBnaUpBRk9pVFZnLWFDNlU1VkYwN245cTlTRnBvWG5wNHNpaWJrM1loTDBodk9EZVZldF9EVFc5T0dsTlRZd2R5dmppSm8xVWRsZ2tOSm01bUJZMUdyMnZYZUxmZmlmUFVuRGR0RWJhNk1NMW5vV0gzekdNNmdDNnFIY3o0QTJ4RmdiMk9yZDBfMG83NDJBQmhyV2dXTXpVZm8wbU1kYkthOThsWnBEYWdxbmhCd1E4emx0WEhyV2doSnl1ajllQmczdFI3VnE0WW1DUlpHTVl6N0wybzdCQnNJSmxnSkdLc1N5S0NPaE4xRURDUllXeGdneG1BTXZDNnNvUFU5Y2FBcVNKVkZTSWlyTXRpb0V0VTFBSUtBMG9sSk5Id1RlWHF1dGtzb2plblJSNUdDWHUzSlh6WnVnSXEteGN2WHI2LThlZkd6WTBmVzhMVEMtdnpmZnVuLTlaLWZfdnZSOV9fZlJTTWR6ZmVYTmhESUNmS010TUw1M1MyaEdlR2Z4UTV4N3Yxd1dIZkdXSkt4aDBiMUNFOTluZFRkQV9zdzRmYndzUHQ3ZGVYZnYtMHZ3QTEmYW1wO3Nzb19ub25jZT1BUUFCQUFBQUFBQm5maUctbUE2TlRhZTdDZFdXN1FmZGZjdUs1TWtuLUVzX0R1UWY2OG5zSU41S3JuWGd5SGVJS3lFOGJOREJsQ1VRbzZXYWJQY2U4U0RnbE5UbzBJaDEtNDBSeW4talBJWUZtMEtHcU4ydElpQUEmYW1wO21zY3JpZD03MzlhMGRkYi01NzU3LTQ0ZTktYmJjNy0yMmI5ZjlhMGE3MWIiIFJlcG9ydGluZ05hbWU9IiIgSWdub3JlSHR0cFN0YXR1c0NvZGU9IkZhbHNlIj4NCiAgICAgIDxIZWFkZXJzPg0KICAgICAgICA8SGVhZGVyIE5hbWU9IlJlZmVyZXIiIFZhbHVlPSJodHRwczovL2xvZ2luLm1pY3Jvc29mdG9ubGluZS5jb20vY2E5NDNjYTQtYWE4Mi00MThlLTgwYmUtZWFhOWE5ZTkwZGUwL29hdXRoMi9hdXRob3JpemU/Y2xpZW50X2lkPTg5NTRjNTExLWY1OGEtNDhkMS1hNWIwLTFkMmY4NDA4NzQwMyZhbXA7cmVkaXJlY3RfdXJpPWh0dHBzJTNhJTJmJTJmY2Rnc2VsZnNlcnZpY2UuYXp1cmV3ZWJzaXRlcy5uZXQlMmYmYW1wO3Jlc3BvbnNlX21vZGU9Zm9ybV9wb3N0JmFtcDtyZXNwb25zZV90eXBlPWNvZGUraWRfdG9rZW4mYW1wO3Njb3BlPW9wZW5pZCtwcm9maWxlJmFtcDtzdGF0ZT1PcGVuSWRDb25uZWN0LkF1dGhlbnRpY2F0aW9uUHJvcGVydGllcyUzZF9sd2F5OTVVVF9sY0N6TURqOHBEYkJnalRBOVpHVHJoN1NabF90Zl80XzQ1WHZKNmpHR3RUSWN0VWJyYjRkMDhoTFExQXg1SVk2VEVvcEVRaTJ4N1dtSFh4c0loTnIzeGNRWXdBNUNTV2FJV3djR3BBN2VGM294WGppekMxc2xkYmhUbkRiR0dRUEVCdFBTT2pvbUF3SUUtMUxQMW1vdWY5RVFBVmRVMVQ0QkZ1dHFhRGliRWQwOEJSSjdKdGc5MGZCcklydTZvZzRoamE4Y3p3U2N2aTZHMTY1V2JydEhuZW5DZ0xpeDNsejlMcUZ3SThRRG81OWFjbG5mZmp1YVcmYW1wO25vbmNlPTYzNjMyMjcxNzk1MzUzMjQwNy5ObU0xTVdSak56a3RNbU5qT0MwME1EQTBMVGswWVRBdE56Rm1aVGd5WkRFNFpUVTFNRFF5Tm1ZeU1Ea3RNamxqWkMwME1qQTNMVGt4WldRdFpqQXlOREJpT1RreE5tVTIiIC8+DQogICAgICA8L0hlYWRlcnM+DQogICAgICA8UXVlcnlTdHJpbmdQYXJhbWV0ZXJzPg0KICAgICAgICA8UXVlcnlTdHJpbmdQYXJhbWV0ZXIgTmFtZT0ic2Vzc2lvbklkIiBWYWx1ZT0iNDYyMjcwZTYtZDY1Yy00YTgzLWI4MmQtN2JkMWJkZDI0MmRmIiBSZWNvcmRlZFZhbHVlPSI0NjIyNzBlNi1kNjVjLTRhODMtYjgyZC03YmQxYmRkMjQyZGYiIENvcnJlbGF0aW9uQmluZGluZz0iIiBVcmxFbmNvZGU9IkZhbHNlIiBVc2VUb0dyb3VwUmVzdWx0cz0iRmFsc2UiIC8+DQogICAgICAgIDxRdWVyeVN0cmluZ1BhcmFtZXRlciBOYW1lPSJjdHgiIFZhbHVlPSJ7eyRISURERU4xLmN0eH19IiBSZWNvcmRlZFZhbHVlPSJyUUlJQVkyU1MyX1RXQUNGNjZaVWdCaEFyRWFhRFVJVkVsUk83N1d2WDVWWU9MR2JwaFBuUVp5NjhTYTZ2dmM2c2V0SHNHLWF4MkxtTDdCRXJCQWJKSmFzZ1BrQkl5RVdpQ1g4QVdDSkVJSWQ2VDlnYzZRamZkS1J6amwzSzdBSzkzZDBRMEZFZ1ZBTUZSMkxTS2RReEVvQVJFaWxVRWRBMXhDUWl4dVhyM184NDNIcGVaLXRfXzZfOWVybmsyZF9QUmZ1VERpZmx2dDdlNFNPUzVhRUpTdk9Jc0txZURVcjJKd0ZaY1JaV2MwWTMzc3BDTzhFNFpNZ1BOOHNWVm1WSlVtRG1xSElpaXdob0ZYYnFRTWQ3MzdjWHAxeUoyM0huVG9Bam1XQ2xuc0tocTdKMjZ1RDFIZkhTOS15a2U4T29HUDFsdTEwdUhTc05SOG5zWF9PeDZhODVoZS0xLU4tYkM3YlZpM3FySDA3SFVnZk5xOTF6Qm1mU09lU0Y5R0tmZDI4Rk9aRk9wcm1KWDljZWJiWm1iS3NTZXQ1bGpIQ3EtY1l5M2hFTUlfeXJGdmtVMWJ3aUpYM1Jza2NMdzFsNEk0U1VsODVWcXhQcmFBMmpsM1Q4QnR1TWRINmZqTGk0UWlOa0hKeWRxVEdqUVozbTRRUGdpSkFGT2lUVmctYUM2VTVWRjA3bjlxOVNGcG9YbnA0c2lpYmszWWhMMGh2T0RlVmV0X0RUVzlPR2xOVFl3ZHl2amlKbzFVZGxna05KbTVtQlkxR3IydlhlTGZmaWZQVW5EZHRFYmE2TU0xbm9XSDN6R002Z0M2cUhjejRBMnhGZ2IyT3JkMF8wbzc0MkFCaHJXZ1dNelVmbzBtTWRiS2E5OGxacERhZ3FuaEJ3UTh6bHRYSHJXZ2hKeXVqOWVCZzN0UjdWcTRZbUNSWkdNWXo3TDJvN0JCc0lKbGdKR0tzU3lLQ09oTjFFRENSWVd4Z2d4bUFNdkM2c29QVTljYUFxU0pWRlNJaXJNdGlvRXRVMUFJS0Ewb2xKTkh3VGVYcXV0a3NvamVuUlI1R0NYdTNKWHpadWdJcS14Y3ZYcjYtOGVmR3pZMGZXOExUQy12emZmdW4tOVotZl92dlI5X19mUlNNZHpmZVhOaERJQ2ZLTXRNTDUzUzJoR2VHZnhRNXg3djF3V0hmR1dKS3hoMGIxQ0U5OW5kVGRBX3N3NGZid3NQdDdkZVhmdi0wdndBMSIgQ29ycmVsYXRpb25CaW5kaW5nPSIiIFVybEVuY29kZT0iRmFsc2UiIFVzZVRvR3JvdXBSZXN1bHRzPSJGYWxzZSIgLz4NCiAgICAgIDwvUXVlcnlTdHJpbmdQYXJhbWV0ZXJzPg0KICAgIDwvUmVxdWVzdD4NCiAgPC9JdGVtcz4NCiAgPFZhbGlkYXRpb25SdWxlcz4NCiAgICA8VmFsaWRhdGlvblJ1bGUgQ2xhc3NuYW1lPSJNaWNyb3NvZnQuVmlzdWFsU3R1ZGlvLlRlc3RUb29scy5XZWJUZXN0aW5nLlJ1bGVzLlZhbGlkYXRlUmVzcG9uc2VVcmwsIE1pY3Jvc29mdC5WaXN1YWxTdHVkaW8uUXVhbGl0eVRvb2xzLldlYlRlc3RGcmFtZXdvcmssIFZlcnNpb249MTAuMC4wLjAsIEN1bHR1cmU9bmV1dHJhbCwgUHVibGljS2V5VG9rZW49YjAzZjVmN2YxMWQ1MGEzYSIgRGlzcGxheU5hbWU9IlJlc3BvbnNlIFVSTCIgRGVzY3JpcHRpb249IlZhbGlkYXRlcyB0aGF0IHRoZSByZXNwb25zZSBVUkwgYWZ0ZXIgcmVkaXJlY3RzIGFyZSBmb2xsb3dlZCBpcyB0aGUgc2FtZSBhcyB0aGUgcmVjb3JkZWQgcmVzcG9uc2UgVVJMLiAgUXVlcnlTdHJpbmcgcGFyYW1ldGVycyBhcmUgaWdub3JlZC4iIExldmVsPSJMb3ciIEV4ZWN0dWlvbk9yZGVyPSJCZWZvcmVEZXBlbmRlbnRzIiAvPg0KICAgIDxWYWxpZGF0aW9uUnVsZSBDbGFzc25hbWU9Ik1pY3Jvc29mdC5WaXN1YWxTdHVkaW8uVGVzdFRvb2xzLldlYlRlc3RpbmcuUnVsZXMuVmFsaWRhdGlvblJ1bGVSZXNwb25zZVRpbWVHb2FsLCBNaWNyb3NvZnQuVmlzdWFsU3R1ZGlvLlF1YWxpdHlUb29scy5XZWJUZXN0RnJhbWV3b3JrLCBWZXJzaW9uPTEwLjAuMC4wLCBDdWx0dXJlPW5ldXRyYWwsIFB1YmxpY0tleVRva2VuPWIwM2Y1ZjdmMTFkNTBhM2EiIERpc3BsYXlOYW1lPSJSZXNwb25zZSBUaW1lIEdvYWwiIERlc2NyaXB0aW9uPSJWYWxpZGF0ZXMgdGhhdCB0aGUgcmVzcG9uc2UgdGltZSBmb3IgdGhlIHJlcXVlc3QgaXMgbGVzcyB0aGFuIG9yIGVxdWFsIHRvIHRoZSByZXNwb25zZSB0aW1lIGdvYWwgYXMgc3BlY2lmaWVkIG9uIHRoZSByZXF1ZXN0LiAgUmVzcG9uc2UgdGltZSBnb2FscyBvZiB6ZXJvIHdpbGwgYmUgaWdub3JlZC4iIExldmVsPSJMb3ciIEV4ZWN0dWlvbk9yZGVyPSJBZnRlckRlcGVuZGVudHMiPg0KICAgICAgPFJ1bGVQYXJhbWV0ZXJzPg0KICAgICAgICA8UnVsZVBhcmFtZXRlciBOYW1lPSJUb2xlcmFuY2UiIFZhbHVlPSIwIiAvPg0KICAgICAgPC9SdWxlUGFyYW1ldGVycz4NCiAgICA8L1ZhbGlkYXRpb25SdWxlPg0KICA8L1ZhbGlkYXRpb25SdWxlcz4NCjwvV2ViVGVzdD4=">
      <Execution id="b122e293-be91-41f9-b08c-2ed852555801" />
    </WebTest>
  </TestDefinitions>
  <TestLists>
    <TestList name="Results Not in a List" id="8c84fa94-04c1-424b-9868-57a2d4851a1d" />
    <TestList name="All Loaded Results" id="19431567-8539-422a-85d7-44ee4e166bda" />
  </TestLists>
  <TestEntries>
    <TestEntry isTransparent="false" testId="3997c672-d9cb-4c4f-87fe-99f328b3d636" executionId="b122e293-be91-41f9-b08c-2ed852555801" testListId="8c84fa94-04c1-424b-9868-57a2d4851a1d" />
  </TestEntries>
  <Results>
    <WebTestResult executionId="b122e293-be91-41f9-b08c-2ed852555801" testId="3997c672-d9cb-4c4f-87fe-99f328b3d636" testName="WebTest1" computerName="MININT-G66VDBS" duration="00:00:02.8633034" startTime="2017-06-05T16:03:40.4234241+01:00" endTime="2017-06-05T16:03:54.3308352+01:00" testType="4e7599fa-5ecb-43e9-a887-cd63cf72d207" outcome="Passed" testListId="8c84fa94-04c1-424b-9868-57a2d4851a1d" relativeResultsDirectory="b122e293-be91-41f9-b08c-2ed852555801">
      <ResultFiles>
        <ResultFile path="WebTest1.webtestResult" />
      </ResultFiles>
      <TestSettings name="Local" id="ae022676-7ff6-46af-981f-013ced444639">
        <Description>These are default test settings for a local test run.</Description>
        <Execution>
          <TestTypeSpecific>
            <WebTestRunConfiguration testTypeId="4e7599fa-5ecb-43e9-a887-cd63cf72d207">
              <Browser name="Internet Explorer 9.0" MaxConnections="6">
                <Headers>
                  <Header name="User-Agent" value="Mozilla/5.0 (compatible; MSIE 9.0; Windows NT 6.1; Trident/5.0)" />
                  <Header name="Accept" value="*/*" />
                  <Header name="Accept-Language" value="{{$IEAcceptLanguage}}" />
                  <Header name="Accept-Encoding" value="GZIP" />
                </Headers>
              </Browser>
            </WebTestRunConfiguration>
          </TestTypeSpecific>
          <AgentRule name="Execution Agents">
          </AgentRule>
        </Execution>
        <Deployment runDeploymentRoot="nhill_MININT-G66VDBS 2017-06-05 16_03_38" />
        <Properties>
          <Property name="TestSettingsUIType" value="LoadTest" />
        </Properties>
      </TestSettings>
      <WebTestResultFilePath>nhill_MININT-G66VDBS 2017-06-05 16_03_38\In\b122e293-be91-41f9-b08c-2ed852555801\WebTest1.webtestResult</WebTestResultFilePath>
    </WebTestResult>
  </Results>
</TestRun>